<?xml version="1.0" encoding="UTF-8"?>
<coverage generated="1688307908707" clover="3.2.0">
  <project timestamp="1688307908707" name="All files">
    <metrics statements="28" coveredstatements="28" conditionals="11" coveredconditionals="11" methods="2" coveredmethods="2" elements="41" coveredelements="41" complexity="0" loc="28" ncloc="28" packages="1" files="1" classes="1"/>
    <file name="index.js" path="D:\Programming\OTUS\DZ_common\OTUS-treeDir\index.js">
      <metrics statements="28" coveredstatements="28" conditionals="11" coveredconditionals="11" methods="2" coveredmethods="2"/>
      <line num="1" count="1" type="stmt"/>
      <line num="2" count="1" type="stmt"/>
      <line num="4" count="1" type="stmt"/>
      <line num="5" count="1" type="stmt"/>
      <line num="9" count="15" type="cond" truecount="2" falsecount="0"/>
      <line num="10" count="3" type="stmt"/>
      <line num="12" count="12" type="stmt"/>
      <line num="13" count="12" type="stmt"/>
      <line num="14" count="20" type="cond" truecount="2" falsecount="0"/>
      <line num="15" count="12" type="stmt"/>
      <line num="16" count="12" type="stmt"/>
      <line num="17" count="12" type="stmt"/>
      <line num="19" count="8" type="stmt"/>
      <line num="20" count="8" type="stmt"/>
      <line num="24" count="12" type="stmt"/>
      <line num="28" count="8" type="cond" truecount="2" falsecount="0"/>
      <line num="29" count="1" type="stmt"/>
      <line num="30" count="1" type="stmt"/>
      <line num="32" count="7" type="cond" truecount="4" falsecount="0"/>
      <line num="33" count="4" type="stmt"/>
      <line num="34" count="4" type="stmt"/>
      <line num="36" count="3" type="stmt"/>
      <line num="41" count="3" type="stmt"/>
      <line num="42" count="3" type="stmt"/>
      <line num="43" count="3" type="stmt"/>
      <line num="44" count="3" type="stmt"/>
      <line num="48" count="1" type="stmt"/>
      <line num="49" count="1" type="stmt"/>
    </file>
  </project>
</coverage>
