{"D:\\Programming\\OTUS\\DZ_common\\OTUS-treeDir\\index.js": {"path":"D:\\Programming\\OTUS\\DZ_common\\OTUS-treeDir\\index.js","statementMap":{"0":{"start":{"line":1,"column":11},"end":{"line":1,"column":24}},"1":{"start":{"line":2,"column":12},"end":{"line":2,"column":32}},"2":{"start":{"line":4,"column":14},"end":{"line":4,"column":29}},"3":{"start":{"line":5,"column":16},"end":{"line":5,"column":31}},"4":{"start":{"line":9,"column":4},"end":{"line":11,"column":5}},"5":{"start":{"line":10,"column":8},"end":{"line":10,"column":19}},"6":{"start":{"line":12,"column":18},"end":{"line":12,"column":37}},"7":{"start":{"line":13,"column":4},"end":{"line":23,"column":5}},"8":{"start":{"line":14,"column":8},"end":{"line":21,"column":9}},"9":{"start":{"line":15,"column":12},"end":{"line":15,"column":69}},"10":{"start":{"line":16,"column":12},"end":{"line":16,"column":32}},"11":{"start":{"line":17,"column":12},"end":{"line":17,"column":67}},"12":{"start":{"line":19,"column":12},"end":{"line":19,"column":59}},"13":{"start":{"line":20,"column":12},"end":{"line":20,"column":33}},"14":{"start":{"line":24,"column":4},"end":{"line":24,"column":15}},"15":{"start":{"line":28,"column":8},"end":{"line":31,"column":9}},"16":{"start":{"line":29,"column":12},"end":{"line":29,"column":55}},"17":{"start":{"line":30,"column":12},"end":{"line":30,"column":24}},"18":{"start":{"line":32,"column":8},"end":{"line":35,"column":9}},"19":{"start":{"line":33,"column":12},"end":{"line":33,"column":76}},"20":{"start":{"line":34,"column":12},"end":{"line":34,"column":24}},"21":{"start":{"line":36,"column":20},"end":{"line":40,"column":9}},"22":{"start":{"line":41,"column":8},"end":{"line":41,"column":73}},"23":{"start":{"line":42,"column":23},"end":{"line":42,"column":53}},"24":{"start":{"line":43,"column":8},"end":{"line":43,"column":87}},"25":{"start":{"line":44,"column":8},"end":{"line":44,"column":19}},"26":{"start":{"line":48,"column":0},"end":{"line":48,"column":24}},"27":{"start":{"line":49,"column":0},"end":{"line":49,"column":22}}},"fnMap":{"0":{"name":"showTreeDir","decl":{"start":{"line":8,"column":9},"end":{"line":8,"column":20}},"loc":{"start":{"line":8,"column":51},"end":{"line":25,"column":1}},"line":8},"1":{"name":"start","decl":{"start":{"line":27,"column":9},"end":{"line":27,"column":14}},"loc":{"start":{"line":27,"column":29},"end":{"line":46,"column":1}},"line":27}},"branchMap":{"0":{"loc":{"start":{"line":8,"column":40},"end":{"line":8,"column":49}},"type":"default-arg","locations":[{"start":{"line":8,"column":48},"end":{"line":8,"column":49}}],"line":8},"1":{"loc":{"start":{"line":9,"column":4},"end":{"line":11,"column":5}},"type":"if","locations":[{"start":{"line":9,"column":4},"end":{"line":11,"column":5}},{"start":{},"end":{}}],"line":9},"2":{"loc":{"start":{"line":14,"column":8},"end":{"line":21,"column":9}},"type":"if","locations":[{"start":{"line":14,"column":8},"end":{"line":21,"column":9}},{"start":{"line":18,"column":15},"end":{"line":21,"column":9}}],"line":14},"3":{"loc":{"start":{"line":28,"column":8},"end":{"line":31,"column":9}},"type":"if","locations":[{"start":{"line":28,"column":8},"end":{"line":31,"column":9}},{"start":{},"end":{}}],"line":28},"4":{"loc":{"start":{"line":32,"column":8},"end":{"line":35,"column":9}},"type":"if","locations":[{"start":{"line":32,"column":8},"end":{"line":35,"column":9}},{"start":{},"end":{}}],"line":32},"5":{"loc":{"start":{"line":32,"column":12},"end":{"line":32,"column":50}},"type":"binary-expr","locations":[{"start":{"line":32,"column":12},"end":{"line":32,"column":27}},{"start":{"line":32,"column":31},"end":{"line":32,"column":50}}],"line":32}},"s":{"0":1,"1":1,"2":1,"3":1,"4":15,"5":3,"6":12,"7":12,"8":20,"9":12,"10":12,"11":12,"12":8,"13":8,"14":12,"15":8,"16":1,"17":1,"18":7,"19":4,"20":4,"21":3,"22":3,"23":3,"24":3,"25":3,"26":1,"27":1},"f":{"0":15,"1":8},"b":{"0":[3],"1":[3,12],"2":[12,8],"3":[1,7],"4":[4,3],"5":[7,4]},"_coverageSchema":"1a1c01bbd47fc00a2c39e90264f33305004495a9","hash":"6e533983673e28f61168c31a3768719f0756c5a6"}
}
