TN:
SF:index.js
FN:8,showTreeDir
FN:27,start
FNF:2
FNH:2
FNDA:15,showTreeDir
FNDA:8,start
DA:1,1
DA:2,1
DA:4,1
DA:5,1
DA:9,15
DA:10,3
DA:12,12
DA:13,12
DA:14,20
DA:15,12
DA:16,12
DA:17,12
DA:19,8
DA:20,8
DA:24,12
DA:28,8
DA:29,1
DA:30,1
DA:32,7
DA:33,4
DA:34,4
DA:36,3
DA:41,3
DA:42,3
DA:43,3
DA:44,3
DA:48,1
DA:49,1
LF:28
LH:28
BRDA:8,0,0,3
BRDA:9,1,0,3
BRDA:9,1,1,12
BRDA:14,2,0,12
BRDA:14,2,1,8
BRDA:28,3,0,1
BRDA:28,3,1,7
BRDA:32,4,0,4
BRDA:32,4,1,3
BRDA:32,5,0,7
BRDA:32,5,1,4
BRF:11
BRH:11
end_of_record
